Saving project data...
Saving project data...
Saving project data...
🚀 Initialized project: daemon
Error generating questions: Expecting value: line 1 column 1 (char 0)
Concept generated (refined): Title: The Price of Rebellion, Logline: A disillusioned daemon, burdened by pointless celestial duties, forges a pact with a cunning demon trapped in the human world, unleashing chaos and challenging the ancient balance between Heaven and Hell.
Saving project data...
Saving project data...
Saving project data...
🚀 Initialized project: Daemon
Saving project data...
Saving project data...
Saving project data...
Saving project data...
Saving project data...
Saving project data...
Concept generated (refined): Title: Hidden Fire, Logline: A struggling art student's life is turned upside down when he discovers a dragon egg in his late grandfather's attic, forcing him to navigate the complexities of raising a mythical creature in the modern world while keeping its existence a secret from a shadowy society that hunts magical beings.
Saving project data...
Saving project data...
Processing outline...
Found total chapters: 15
Found Chapter 1: The Dragon in the Attic
Found Chapter 2: Hatching Day
Found Chapter 3: Life with a Dragon
Found Chapter 4: Smoke and Mirrors
Found Chapter 5: Whispers in the Dark
Found Chapter 6: The Hunters
Found Chapter 7: A Language of Fire
Found Chapter 8: The First Encounter
Found Chapter 9: A Desperate Plan
Found Chapter 10: The Reveal
Found Chapter 11: Gathering Strength
Found Chapter 12: The Ambush
Found Chapter 13: Fire and Fury
Found Chapter 14: The Price of Freedom
Found Chapter 15: A New Dawn
Successfully processed 15 chapters
Failed to extract data for Scene 3 in Chapter 12
Failed to extract data for Scene 5 in Chapter 12
Failed to extract data for Scene 7 in Chapter 15
Error generating outline: name 'write_json_file' is not defined
Traceback (most recent call last):
  File "C:\Users\smikl\OneDrive\Área de Trabalho\libriscribe\src\libriscribe\agents\outliner.py", line 87, in execute
    write_json_file(scenes_path, scenes_data)
    ^^^^^^^^^^^^^^^
NameError: name 'write_json_file' is not defined. Did you mean: 'write_markdown_file'?
Saving project data...
Saving project data...
Saving project data...
🚀 Initialized project: teste
Concept generated (refined): Title: O Canto da Flor de Cera, Logline: Uma jovem aprendiz de feiticeira precisa passar por um teste mágico envolvendo uma rara flor de cera, mas descobre segredos obscuros sobre sua linhagem e a verdadeira natureza da prova, forçando-a a escolher entre a tradição e a liberdade de uma criatura mágica que guarda a chave para o seu destino.
Saving project data...
Saving project data...
Processing outline...
Found total chapters: 10
Found Chapter 1: A Chama Sussurrante
Found Chapter 2: O Segredo da Ancestral
Found Chapter 3: A Voz da Flor
Found Chapter 4: O Guardião da Floresta
Found Chapter 5: A Decisão
Found Chapter 6: A Revolta
Found Chapter 7: O Confronto
Found Chapter 8: O Ritual Proibido
Found Chapter 9: O Despertar
Found Chapter 10: Um Novo Começo
Successfully processed 10 chapters
Data written to C:\Users\smikl\OneDrive\Área de Trabalho\libriscribe\projects\teste\scenes.json
Outline and scenes generated and saved to knowledge base and C:\Users\smikl\OneDrive\Área de Trabalho\libriscribe\projects\teste\outline.md
Saving project data...
Saving project data...
Data written to C:\Users\smikl\OneDrive\Área de Trabalho\libriscribe\projects\teste\characters.json
Saving project data...
Saving project data...
Saving project data...
🚀 Initialized project: Book of luck
Concept generated (refined): Title: Fool's Gold, Logline: A lonely teenager obsessed with vintage motorcycles stumbles upon what he believes is a fortune in gold, only to discover that true riches lie in unexpected places.
Saving project data...
Saving project data...
Processing outline...
Found total chapters: 12
Found Chapter 1: The Weight of Silence
Found Chapter 2: Glittering Hope
Found Chapter 3: Secrets and Dust
Found Chapter 4: The Norton Dream
Found Chapter 5: A Geologist's Eye
Found Chapter 6: Fool's Gold
Found Chapter 7: The Tremor
Found Chapter 8: Trapped
Found Chapter 9: Finding a Way
Found Chapter 10: The Rescue
Found Chapter 11: Shifting Perspectives
Found Chapter 12: True Riches
Successfully processed 12 chapters
Failed to extract data for Scene 3 in Chapter 7
Data written to C:\Users\smikl\OneDrive\Área de Trabalho\libriscribe\projects\Book of luck\scenes.json
Outline and scenes generated and saved to knowledge base and C:\Users\smikl\OneDrive\Área de Trabalho\libriscribe\projects\Book of luck\outline.md
Saving project data...
Saving project data...
